<?xml version="1.0" encoding="utf-8"?><testsuites name="pytest tests"><testsuite name="pytest" errors="0" failures="0" skipped="0" tests="20" time="2.963" timestamp="2026-04-18T09:03:07.919242+00:00" hostname="agent-env-52948325-4264-4606-8741-ab682a805573"><testcase classname="tests.test_native_auth.TestHealthEndpoints" name="test_health_endpoint" time="0.176" /><testcase classname="tests.test_native_auth.TestHealthEndpoints" name="test_root_endpoint" time="0.121" /><testcase classname="tests.test_native_auth.TestNativeAuthStore" name="test_store_token_success" time="0.236" /><testcase classname="tests.test_native_auth.TestNativeAuthStore" name="test_store_token_missing_fields" time="0.115" /><testcase classname="tests.test_native_auth.TestNativeAuthStore" name="test_store_token_upsert" time="0.333" /><testcase classname="tests.test_native_auth.TestNativeAuthRetrieve" name="test_retrieve_token_success" time="0.195" /><testcase classname="tests.test_native_auth.TestNativeAuthRetrieve" name="test_retrieve_token_one_time_only" time="0.336" /><testcase classname="tests.test_native_auth.TestNativeAuthRetrieve" name="test_retrieve_nonexistent_token" time="0.096" /><testcase classname="tests.test_native_auth.TestNativeCallback" name="test_callback_returns_html" time="0.115" /><testcase classname="tests.test_native_auth.TestNativeCallback" name="test_callback_has_cache_control_headers" time="0.102" /><testcase classname="tests.test_native_auth.TestNativeCallback" name="test_callback_has_dynamic_api_url" time="0.098" /><testcase classname="tests.test_native_auth.TestNativeCallback" name="test_callback_has_auth_request_id" time="0.098" /><testcase classname="tests.test_native_auth.TestNativeCallback" name="test_callback_has_edgelog_branding" time="0.100" /><testcase classname="tests.test_native_auth.TestAssetLinks" name="test_assetlinks_returns_json" time="0.102" /><testcase classname="tests.test_native_auth.TestAssetLinks" name="test_assetlinks_has_correct_package" time="0.096" /><testcase classname="tests.test_native_auth.TestAssetLinks" name="test_assetlinks_has_sha256_fingerprint" time="0.121" /><testcase classname="tests.test_native_auth.TestAssetLinks" name="test_assetlinks_has_correct_relation" time="0.103" /><testcase classname="tests.test_native_auth.TestAuthEndpoints" name="test_auth_me_requires_auth" time="0.091" /><testcase classname="tests.test_native_auth.TestAuthEndpoints" name="test_auth_session_requires_session_id" time="0.099" /><testcase classname="tests.test_native_auth.TestAuthEndpoints" name="test_auth_logout_works" time="0.125" /></testsuite></testsuites>