<?xml version="1.0" encoding="utf-8"?><testsuites name="pytest tests"><testsuite name="pytest" errors="0" failures="0" skipped="0" tests="9" time="1.099" timestamp="2026-02-16T09:31:57.041044+00:00" hostname="agent-env-71b69499-75f3-431d-b4e3-f6731470ed6b"><testcase classname="backend.tests.test_sanity_check.TestHealthEndpoints" name="test_api_root_endpoint" time="0.148" /><testcase classname="backend.tests.test_sanity_check.TestHealthEndpoints" name="test_api_health_endpoint" time="0.103" /><testcase classname="backend.tests.test_sanity_check.TestAuthEndpoints" name="test_auth_me_requires_authentication" time="0.121" /><testcase classname="backend.tests.test_sanity_check.TestAuthEndpoints" name="test_auth_session_requires_session_id" time="0.097" /><testcase classname="backend.tests.test_sanity_check.TestAuthEndpoints" name="test_logout_endpoint_exists" time="0.108" /><testcase classname="backend.tests.test_sanity_check.TestProtectedEndpointsRequireAuth" name="test_trades_requires_auth" time="0.109" /><testcase classname="backend.tests.test_sanity_check.TestProtectedEndpointsRequireAuth" name="test_analytics_requires_auth" time="0.108" /><testcase classname="backend.tests.test_sanity_check.TestProtectedEndpointsRequireAuth" name="test_reports_requires_auth" time="0.136" /><testcase classname="backend.tests.test_sanity_check.TestCORSHeaders" name="test_cors_headers_present" time="0.072" /></testsuite></testsuites>